Arguments: 
  C:\Program Files\nodejs\node.exe C:\Program Files (x86)\Yarn\bin\yarn.js add react-infinite-scroll-component

PATH: 
  C:\Program Files\Common Files\Oracle\Java\javapath;C:\Python311\Scripts\;C:\Python311\;C:\WINDOWS\system32;C:\WINDOWS;C:\WINDOWS\System32\Wbem;C:\WINDOWS\System32\WindowsPowerShell\v1.0\;C:\WINDOWS\System32\OpenSSH\;C:\Program Files\nodejs\;C:\ProgramData\chocolatey\bin;C:\Program Files\Git\cmd;C:\Program Files\dotnet\;C:\Program Files\Docker\Docker\resources\bin;C:\Program Files\OpenSSL-Win64\bin;C:\Program Files\Cloudflare\Cloudflare WARP\;C:\Program Files\apache-maven-3.9.5\bin;C:\Users\trngx\AppData\Local\Android\Sdk;C:\Users\trngx\AppData\Local\Android\Sdk\platform-tools;C:\Users\trngx\AppData\Roaming\flutter\bin;C:\Windows\System32;C:\Program Files\Git\cmd;C:\Program Files\Git\git-cmd.exe;C:\Users\trngx\AppData\Local\Programs\Microsoft VS Code\bin;C:\Program Files (x86)\Yarn\bin\;C:\Users\trngx\AppData\Roaming\npm\node_modules\yarn\bin;C:\Users\trngx\AppData\Roaming\flutter\bin;C:\Users\trngx\AppData\Local\Android\Sdk;C:\Users\trngx\AppData\Local\Android\Sdk\platform-tools;C:\Windows\System32;C:\Program Files\Git\cmd;C:\Program Files\Git\cmd;C:\Program Files\Git\git-cmd.exe;C:\Users\trngx\AppData\Local\Programs\Microsoft VS Code\bin;C:\Users\trngx\AppData\Local\Yarn\bin;C:\Users\trngx\AppData\Roaming\npm\node_modules\yarn\bin;C:\Users\trngx\AppData\Local\GitHubDesktop\bin

Yarn version: 
  1.22.19

Node version: 
  18.16.0

Platform: 
  win32 x64

Trace: 
  Error: EPERM: operation not permitted, rmdir 'C:\Users\trngx\OneDrive\Documents\Research Thesis 1\Practive\IIA\client\node_modules\.bin'

npm manifest: 
  {
    "name": "frontend",
    "version": "0.1.0",
    "private": true,
    "proxy": "http://localhost:8080",
    "dependencies": {
      "@chakra-ui/react": "^2.8.2",
      "@emotion/react": "^11.11.1",
      "@emotion/styled": "^11.11.0",
      "@react-oauth/google": "^0.12.1",
      "@testing-library/jest-dom": "^5.17.0",
      "@testing-library/react": "^13.4.0",
      "@testing-library/user-event": "^13.5.0",
      "axios": "^1.6.2",
      "framer-motion": "^10.16.16",
      "react": "^18.2.0",
      "react-dom": "^18.2.0",
      "react-redux": "^9.0.4",
      "react-router-dom": "^5.3.4",
      "react-scripts": "^5.0.1",
      "redux": "^5.0.0",
      "redux-thunk": "^3.1.0",
      "web-vitals": "^2.1.4"
    },
    "scripts": {
      "start": "react-scripts start",
      "build": "react-scripts build",
      "test": "react-scripts test",
      "eject": "react-scripts eject"
    },
    "eslintConfig": {
      "extends": [
        "react-app",
        "react-app/jest"
      ]
    },
    "browserslist": {
      "production": [
        ">0.2%",
        "not dead",
        "not op_mini all"
      ],
      "development": [
        "last 1 chrome version",
        "last 1 firefox version",
        "last 1 safari version"
      ]
    }
  }

yarn manifest: 
  No manifest

Lockfile: 
  No lockfile
